<?xml version="1.0" encoding="UTF-8"?>
<testng-results ignored="0" total="1" passed="1" failed="0" skipped="0">
  <reporter-output>
  </reporter-output>
  <suite started-at="2021-03-23T10:27:21Z" name="Suite" finished-at="2021-03-23T10:27:49Z" duration-ms="27879">
    <groups>
    </groups>
    <test started-at="2021-03-23T10:27:21Z" name="Test" finished-at="2021-03-23T10:27:49Z" duration-ms="27879">
      <class name="com.learnautomation.testcases.LoginTestCMR">
        <test-method is-config="true" signature="setUp()[pri:0, instance:com.learnautomation.testcases.LoginTestCMR@1d483de4]" started-at="2021-03-23T15:57:21Z" name="setUp" finished-at="2021-03-23T15:57:31Z" duration-ms="10265" status="PASS">
          <reporter-output>
          </reporter-output>
        </test-method> <!-- setUp -->
        <test-method signature="loginApp()[pri:0, instance:com.learnautomation.testcases.LoginTestCMR@1d483de4]" started-at="2021-03-23T15:57:31Z" name="loginApp" finished-at="2021-03-23T15:57:36Z" duration-ms="4336" status="PASS">
          <reporter-output>
          </reporter-output>
        </test-method> <!-- loginApp -->
        <test-method is-config="true" signature="afterm()[pri:0, instance:com.learnautomation.testcases.LoginTestCMR@1d483de4]" started-at="2021-03-23T15:57:36Z" name="afterm" finished-at="2021-03-23T15:57:37Z" duration-ms="1585" status="PASS">
          <reporter-output>
          </reporter-output>
        </test-method> <!-- afterm -->
        <test-method is-config="true" signature="tearDown()[pri:0, instance:com.learnautomation.testcases.LoginTestCMR@1d483de4]" started-at="2021-03-23T15:57:37Z" name="tearDown" finished-at="2021-03-23T15:57:49Z" duration-ms="11647" status="PASS">
          <reporter-output>
          </reporter-output>
        </test-method> <!-- tearDown -->
      </class> <!-- com.learnautomation.testcases.LoginTestCMR -->
    </test> <!-- Test -->
  </suite> <!-- Suite -->
</testng-results>
